Thu Mar 27 2014 11:51:00 GMT-0700 (PDT):
{ [Error: Cannot modify this site because another operation is in progress.]
  stack: [Getter/Setter],
  code: 'Conflict',
  extendedcode: '59203',
  messagetemplate: 'Cannot modify this site because another operation is in progress.',
  parameters: { '$': { 'xmlns:a': 'http://schemas.microsoft.com/2003/10/Serialization/Arrays' } },
  innererrors: { '$': { 'i:nil': 'true' } },
  statusCode: 409,
  __frame: 
   { name: '__1',
     line: 34,
     file: '/usr/local/lib/node_modules/azure-cli/lib/commands/site.scale._js',
     prev: undefined,
     active: false,
     offset: 54,
     col: 8 },
  rawStack: [Getter] }
Error: Cannot modify this site because another operation is in progress.
    at Function.ServiceClient._normalizeError (/usr/local/lib/node_modules/azure-cli/node_modules/azure/node_modules/azure-common/lib/services/serviceclient.js:785:23)
    at /usr/local/lib/node_modules/azure-cli/node_modules/azure/node_modules/azure-common/lib/services/filters/errorhandlingfilter.js:44:29
    at Request._callback (/usr/local/lib/node_modules/azure-cli/node_modules/azure/node_modules/azure-common/lib/http/request-pipeline.js:109:14)
    at Request.self.callback (/usr/local/lib/node_modules/azure-cli/node_modules/azure/node_modules/request/request.js:129:22)
    at Request.EventEmitter.emit (events.js:98:17)
    at Request.<anonymous> (/usr/local/lib/node_modules/azure-cli/node_modules/azure/node_modules/request/request.js:873:14)
    at Request.EventEmitter.emit (events.js:117:20)
    at IncomingMessage.<anonymous> (/usr/local/lib/node_modules/azure-cli/node_modules/azure/node_modules/request/request.js:824:12)
    at IncomingMessage.EventEmitter.emit (events.js:117:20)
    at _stream_readable.js:920:16
    at __1 (/usr/local/lib/node_modules/azure-cli/lib/commands/site.scale._js:88:8)

